[
 ['PMID', 'noun'],
 ['-', 'hy'],
 ['21349662', 'num'],
 ['TI', 'noun'],
 ['-', 'hy'],
 ['OmpA', 'noun'],
 ['is', 'aux'],
 ['a', 'det'],
 ['virulence', 'noun'],
 ['factor', 'noun'],
 ['of', 'prep'],
 ['Riemerella', 'noun'],
 ['anatipestifer', 'noun'],
 ['.', 'pd'],
 ['AB', 'noun'],
 ['-', 'hy'],
 ['Riemerella', 'noun'],
 ['anatipestifer', 'noun'],
 ['infection', 'noun'],
 ['is', 'aux'],
 ['probably', 'adv'],
 ['the', 'det'],
 ['most', 'adv'],
 ['economically', 'adv'],
 ['important', 'adj'],
 ['disease', 'noun'],
 ['of', 'prep'],
 ['farm', 'noun'],
 ['ducks', 'verb'],
 ['worldwide', 'adv'],
 ['.', 'pd'],
 ['The', 'det'],
 ['pathogen', 'noun'],
 ['R', 'noun'],
 ['.', 'pd'],
 ['anatipestifer', 'noun'],
 ['causes', 'verb'],
 ['septicemia', 'noun'],
 ['anserum', 'noun'],
 ['exsudativa', 'noun'],
 ['in', 'prep'],
 ['ducks', 'noun'],
 [',', 'cm'],
 ['but', 'conj'],
 ['little', 'adj'],
 ['is', 'aux'],
 ['known', 'verb'],
 ['about', 'prep'],
 ['the', 'det'],
 ['molecular', 'adj'],
 ['basis', 'noun'],
 ['of', 'prep'],
 ['its', 'pron'],
 ['pathogenesis', 'noun'],
 ['and', 'conj'],
 ['the', 'det'],
 ['virulence', 'noun'],
 ['factors', 'noun'],
 ['involved', 'verb'],
 ['.', 'pd'],
 ['In', 'prep'],
 ['this', 'det'],
 ['study', 'noun'],
 [',', 'cm'],
 ['by', 'prep'],
 ['deleting', 'adj'],
 ['ompA', 'noun'],
 ['gene', 'noun'],
 ['from', 'prep'],
 ['R', 'noun'],
 ['.', 'pd'],
 ['anatipestifer', 'noun'],
 ['serotype', 'noun'],
 ['2', 'num'],
 ['strain', 'noun'],
 ['Th4', 'noun'],
 [',', 'cm'],
 ['we', 'pron'],
 ['constructed', 'verb'],
 ['a', 'det'],
 ['mutant', 'adj'],
 ['strain', 'noun'],
 ['Th4DeltaompA', 'noun'],
 ['to', 'adv'],
 ['investigate', 'verb'],
 ['whether', 'compl'],
 ['R', 'noun'],
 ['.', 'pd'],
 ['anatipestifer', 'noun'],
 ['OmpA', 'noun'],
 ['is', 'aux'],
 ['an', 'det'],
 ['important', 'adj'],
 ['virulence', 'noun'],
 ['factor', 'noun'],
 ['.', 'pd'],
 ['Results', 'noun'],
 ['showed', 'verb'],
 ['that', 'compl'],
 ['although', 'conj'],
 ['the', 'det'],
 ['growth', 'noun'],
 ['curve', 'noun'],
 [',', 'cm'],
 ['bacterial', 'adj'],
 ['and', 'conj'],
 ['colony', 'noun'],
 ['morphology', 'noun'],
 ['of', 'prep'],
 ['Th4DeltaompA', 'noun'],
 ['in', 'prep'],
 ['tryptic', 'adj'],
 ['soybean', 'noun'],
 ['broth', 'noun'],
 ['(', 'lp'],
 ['TSB', 'noun'],
 [')', 'rp'],
 ['or', 'conj'],
 ['on', 'prep'],
 ['TSB', 'noun'],
 ['agar', 'noun'],
 ['were', 'aux'],
 ['similar', 'adj'],
 ['to', 'prep'],
 ['its', 'pron'],
 ['parent', 'noun'],
 ['strain', 'noun'],
 ['Th4', 'noun'],
 [',', 'cm'],
 ['the', 'det'],
 ['adhesion', 'noun'],
 ['and', 'conj'],
 ['invasion', 'noun'],
 ['capacities', 'noun'],
 ['of', 'prep'],
 ['mutant', 'adj'],
 ['strain', 'noun'],
 ['to', 'prep'],
 ['Vero', 'noun'],
 ['cells', 'noun'],
 ['were', 'aux'],
 ['decreased', 'verb'],
 ['significantly', 'adv'],
 ['.', 'pd'],
 ['Furthermore', 'adv'],
 [',', 'cm'],
 ['the', 'det'],
 ['median', 'adj'],
 ['lethal', 'adj'],
 ['dose', 'noun'],
 ['(', 'lp'],
 ['LD', 'noun'],
 ['(', 'lp'],
 ['50', 'num'],
 [')', 'rp'],
 [')', 'rp'],
 ['of', 'prep'],
 ['both', 'conj'],
 ['strains', 'noun'],
 ['was', 'aux'],
 ['determined', 'verb'],
 ['to', 'adv'],
 ['measure', 'verb'],
 ['the', 'det'],
 ['virulence', 'noun'],
 ['with', 'prep'],
 ['10', 'num'],
 ['-', 'hy'],
 ['day', 'noun'],
 ['-', 'hy'],
 ['old', 'adj'],
 ['Cherry', 'noun'],
 ['Valley', 'noun'],
 ['ducklings', 'noun'],
 ['.', 'pd'],
 ['The', 'det'],
 ['results', 'noun'],
 ['showed', 'verb'],
 ['that', 'compl'],
 ['LD', 'noun'],
 ['(', 'lp'],
 ['50', 'num'],
 [')', 'rp'],
 ['of', 'prep'],
 ['Th4DeltaompA', 'noun'],
 ['mutant', 'noun'],
 ['was', 'aux'],
 ['>', 'gr'],
 ['10', 'num'],
 ['(', 'lp'],
 ['10', 'num'],
 [')', 'rp'],
 ['colony', 'noun'],
 ['forming', 'adj'],
 ['units', 'noun'],
 ['(', 'lp'],
 ['CFU', 'noun'],
 [')', 'rp'],
 [',', 'cm'],
 ['it', 'pron'],
 ['was', 'aux'],
 ['attenuated', 'verb'],
 ['significantly', 'adv'],
 ['in', 'prep'],
 ['comparison', 'noun'],
 ['with', 'prep'],
 ['that', 'pron'],
 ['of', 'prep'],
 ['Th4', 'noun'],
 ['which', 'pron'],
 ['LD', 'noun'],
 ['(', 'lp'],
 ['50', 'num'],
 [')', 'rp'],
 ['was', 'aux'],
 ['4', 'num'],
 ['.', 'pd'],
 ['41', 'num'],
 ['x', 'noun'],
 ['10', 'num'],
 ['(', 'lp'],
 ['8', 'num'],
 [')', 'rp'],
 ['CFU', 'noun'],
 ['.', 'pd'],
 ['Additional', 'adj'],
 ['analysis', 'noun'],
 ['indicated', 'verb'],
 ['that', 'compl'],
 ['blood', 'noun'],
 ['bacterial', 'adj'],
 ['loading', 'noun'],
 ['of', 'prep'],
 ['ducklings', 'noun'],
 ['infected', 'verb'],
 ['with', 'prep'],
 ['the', 'det'],
 ['Th4DeltaompA', 'noun'],
 ['mutant', 'noun'],
 ['were', 'aux'],
 ['much', 'adv'],
 ['lower', 'adj'],
 ['than', 'prep'],
 ['those', 'pron'],
 ['of', 'prep'],
 ['Th4', 'noun'],
 ['-', 'hy'],
 ['infected', 'adj'],
 ['ducklings', 'noun'],
 ['.', 'pd'],
 ['The', 'det'],
 ['results', 'noun'],
 ['demonstrate', 'verb'],
 ['that', 'compl'],
 ['OmpA', 'noun'],
 ['is', 'aux'],
 ['a', 'det'],
 ['virulence', 'noun'],
 ['factor', 'noun'],
 ['of', 'prep'],
 ['R', 'noun'],
 ['.', 'pd'],
 ['anatipestifer', 'noun'],
 [',', 'cm'],
 ['and', 'conj'],
 ['that', 'compl'],
 ['it', 'pron'],
 ['may', 'modal'],
 ['act', 'verb'],
 ['as', 'prep'],
 ['an', 'det'],
 ['adhesin', 'noun'],
 ['.', 'pd'],
 ['PT', 'noun'],
 ['-', 'hy'],
 ['Journal', 'noun'],
 ['Article', 'noun'],
 ['PT', 'noun'],
 ['-', 'hy'],
 ['Research', 'noun'],
 ['Support', 'noun'],
 [',', 'cm'],
 ['Non', 'adj'],
 ['-', 'hy'],
 ['U', 'noun'],
 ['.', 'pd'],
 ['S', 'noun'],
 ['.', 'pd'],
 ['Gov', 'noun'],
 ['''', 'ap'],
 ['t', 'noun'],
 ['TA', 'noun'],
 ['-', 'hy'],
 ['Vet', 'noun'],
 ['Microbiol', 'noun'],
 ['JT', 'noun'],
 ['-', 'hy'],
 ['Veterinary', 'noun'],
 ['microbiology', 'noun'],
 ['JID', 'noun'],
 ['-', 'hy'],
 ['7705469', 'num']
].
^THE_END^
